{"/Users/souravpurkait/hub-final/src/app/components/BaseFields/index.js": {"path":"/Users/souravpurkait/hub-final/src/app/components/BaseFields/index.js","statementMap":{"0":{"start":{"line":18,"column":19},"end":{"line":66,"column":1}},"1":{"start":{"line":19,"column":25},"end":{"line":19,"column":30}},"2":{"start":{"line":20,"column":34},"end":{"line":20,"column":46}},"3":{"start":{"line":21,"column":35},"end":{"line":21,"column":60}},"4":{"start":{"line":23,"column":2},"end":{"line":29,"column":8}},"5":{"start":{"line":24,"column":23},"end":{"line":24,"column":25}},"6":{"start":{"line":25,"column":4},"end":{"line":27,"column":6}},"7":{"start":{"line":26,"column":6},"end":{"line":26,"column":32}},"8":{"start":{"line":28,"column":4},"end":{"line":28,"column":29}},"9":{"start":{"line":31,"column":27},"end":{"line":38,"column":16}},"10":{"start":{"line":32,"column":4},"end":{"line":35,"column":5}},"11":{"start":{"line":33,"column":6},"end":{"line":33,"column":53}},"12":{"start":{"line":34,"column":6},"end":{"line":34,"column":12}},"13":{"start":{"line":36,"column":4},"end":{"line":36,"column":16}},"14":{"start":{"line":37,"column":4},"end":{"line":37,"column":26}},"15":{"start":{"line":40,"column":28},"end":{"line":46,"column":3}},"16":{"start":{"line":41,"column":4},"end":{"line":41,"column":15}},"17":{"start":{"line":42,"column":4},"end":{"line":45,"column":7}},"18":{"start":{"line":42,"column":28},"end":{"line":45,"column":5}},"19":{"start":{"line":48,"column":2},"end":{"line":65,"column":3}},"20":{"start":{"line":51,"column":8},"end":{"line":58,"column":21}},"21":{"start":{"line":67,"column":0},"end":{"line":69,"column":1}},"22":{"start":{"line":70,"column":0},"end":{"line":70,"column":28}}},"fnMap":{"0":{"name":"(anonymous_0)","decl":{"start":{"line":18,"column":19},"end":{"line":18,"column":20}},"loc":{"start":{"line":18,"column":30},"end":{"line":66,"column":1}},"line":18},"1":{"name":"(anonymous_1)","decl":{"start":{"line":23,"column":12},"end":{"line":23,"column":13}},"loc":{"start":{"line":23,"column":18},"end":{"line":29,"column":3}},"line":23},"2":{"name":"(anonymous_2)","decl":{"start":{"line":25,"column":15},"end":{"line":25,"column":16}},"loc":{"start":{"line":25,"column":26},"end":{"line":27,"column":5}},"line":25},"3":{"name":"(anonymous_3)","decl":{"start":{"line":31,"column":39},"end":{"line":31,"column":40}},"loc":{"start":{"line":31,"column":45},"end":{"line":38,"column":3}},"line":31},"4":{"name":"(anonymous_4)","decl":{"start":{"line":40,"column":28},"end":{"line":40,"column":29}},"loc":{"start":{"line":40,"column":35},"end":{"line":46,"column":3}},"line":40},"5":{"name":"(anonymous_5)","decl":{"start":{"line":42,"column":16},"end":{"line":42,"column":17}},"loc":{"start":{"line":42,"column":28},"end":{"line":45,"column":5}},"line":42},"6":{"name":"(anonymous_6)","decl":{"start":{"line":50,"column":18},"end":{"line":50,"column":19}},"loc":{"start":{"line":51,"column":8},"end":{"line":58,"column":21}},"line":51}},"branchMap":{"0":{"loc":{"start":{"line":32,"column":4},"end":{"line":35,"column":5}},"type":"if","locations":[{"start":{"line":32,"column":4},"end":{"line":35,"column":5}},{"start":{"line":32,"column":4},"end":{"line":35,"column":5}}],"line":32}},"s":{"0":1,"1":2,"2":2,"3":2,"4":2,"5":1,"6":1,"7":0,"8":1,"9":2,"10":0,"11":0,"12":0,"13":0,"14":0,"15":2,"16":0,"17":0,"18":0,"19":2,"20":0,"21":1,"22":1},"f":{"0":2,"1":1,"2":0,"3":0,"4":0,"5":0,"6":0},"b":{"0":[0,0]},"_coverageSchema":"1a1c01bbd47fc00a2c39e90264f33305004495a9","hash":"b0fa58e1dadad5a46340a62295470ebaa24d91b5"}
,"/Users/souravpurkait/hub-final/src/app/components/BaseFields/styles.js": {"path":"/Users/souravpurkait/hub-final/src/app/components/BaseFields/styles.js","statementMap":{"0":{"start":{"line":5,"column":23},"end":{"line":8,"column":1}},"1":{"start":{"line":9,"column":19},"end":{"line":14,"column":1}},"2":{"start":{"line":15,"column":25},"end":{"line":23,"column":1}},"3":{"start":{"line":24,"column":25},"end":{"line":32,"column":1}},"4":{"start":{"line":33,"column":22},"end":{"line":38,"column":1}}},"fnMap":{},"branchMap":{},"s":{"0":1,"1":1,"2":1,"3":1,"4":1},"f":{},"b":{},"_coverageSchema":"1a1c01bbd47fc00a2c39e90264f33305004495a9","hash":"2fa8506261f348431ed9e04e9cf32a7fa7e0cc1e"}
,"/Users/souravpurkait/hub-final/src/app/components/BaseItem/index.js": {"path":"/Users/souravpurkait/hub-final/src/app/components/BaseItem/index.js","statementMap":{"0":{"start":{"line":11,"column":17},"end":{"line":26,"column":1}},"1":{"start":{"line":14,"column":6},"end":{"line":14,"column":11}},"2":{"start":{"line":16,"column":2},"end":{"line":25,"column":3}},"3":{"start":{"line":20,"column":8},"end":{"line":22,"column":22}},"4":{"start":{"line":27,"column":0},"end":{"line":29,"column":1}},"5":{"start":{"line":30,"column":0},"end":{"line":30,"column":26}}},"fnMap":{"0":{"name":"(anonymous_0)","decl":{"start":{"line":11,"column":17},"end":{"line":11,"column":18}},"loc":{"start":{"line":11,"column":28},"end":{"line":26,"column":1}},"line":11},"1":{"name":"(anonymous_1)","decl":{"start":{"line":19,"column":29},"end":{"line":19,"column":30}},"loc":{"start":{"line":20,"column":8},"end":{"line":22,"column":22}},"line":20}},"branchMap":{},"s":{"0":2,"1":6,"2":6,"3":12,"4":2,"5":2},"f":{"0":6,"1":12},"b":{},"_coverageSchema":"1a1c01bbd47fc00a2c39e90264f33305004495a9","hash":"2bc8bea9ba9fe85444ff7fceb7e29fa39e4d08e2"}
,"/Users/souravpurkait/hub-final/src/app/components/BaseItem/styles.js": {"path":"/Users/souravpurkait/hub-final/src/app/components/BaseItem/styles.js","statementMap":{"0":{"start":{"line":6,"column":23},"end":{"line":15,"column":1}},"1":{"start":{"line":16,"column":21},"end":{"line":22,"column":1}},"2":{"start":{"line":23,"column":20},"end":{"line":27,"column":1}}},"fnMap":{},"branchMap":{},"s":{"0":2,"1":2,"2":2},"f":{},"b":{},"_coverageSchema":"1a1c01bbd47fc00a2c39e90264f33305004495a9","hash":"0f55c7301f7bbff6086aa5985fa7bd39dd17a4d3"}
,"/Users/souravpurkait/hub-final/src/app/components/BaseList/index.js": {"path":"/Users/souravpurkait/hub-final/src/app/components/BaseList/index.js","statementMap":{"0":{"start":{"line":14,"column":17},"end":{"line":24,"column":1}},"1":{"start":{"line":15,"column":19},"end":{"line":15,"column":24}},"2":{"start":{"line":17,"column":2},"end":{"line":23,"column":3}},"3":{"start":{"line":20,"column":8},"end":{"line":20,"column":46}},"4":{"start":{"line":26,"column":0},"end":{"line":28,"column":1}}},"fnMap":{"0":{"name":"(anonymous_0)","decl":{"start":{"line":14,"column":17},"end":{"line":14,"column":18}},"loc":{"start":{"line":14,"column":28},"end":{"line":24,"column":1}},"line":14},"1":{"name":"(anonymous_1)","decl":{"start":{"line":19,"column":16},"end":{"line":19,"column":17}},"loc":{"start":{"line":20,"column":8},"end":{"line":20,"column":46}},"line":20}},"branchMap":{},"s":{"0":1,"1":2,"2":2,"3":4,"4":1},"f":{"0":2,"1":4},"b":{},"_coverageSchema":"1a1c01bbd47fc00a2c39e90264f33305004495a9","hash":"20db38e8d9f01518a05e50a9e398f3315586071a"}
,"/Users/souravpurkait/hub-final/src/app/components/BaseList/styles.js": {"path":"/Users/souravpurkait/hub-final/src/app/components/BaseList/styles.js","statementMap":{"0":{"start":{"line":2,"column":23},"end":{"line":4,"column":1}}},"fnMap":{},"branchMap":{},"s":{"0":1},"f":{},"b":{},"_coverageSchema":"1a1c01bbd47fc00a2c39e90264f33305004495a9","hash":"7f94632d2ad91f8916b2c705dcd79c85a8c4bb91"}
,"/Users/souravpurkait/hub-final/src/app/components/Button/index.js": {"path":"/Users/souravpurkait/hub-final/src/app/components/Button/index.js","statementMap":{"0":{"start":{"line":10,"column":15},"end":{"line":17,"column":1}},"1":{"start":{"line":11,"column":32},"end":{"line":11,"column":37}},"2":{"start":{"line":12,"column":2},"end":{"line":16,"column":3}},"3":{"start":{"line":18,"column":0},"end":{"line":21,"column":1}},"4":{"start":{"line":22,"column":0},"end":{"line":22,"column":24}}},"fnMap":{"0":{"name":"(anonymous_0)","decl":{"start":{"line":10,"column":15},"end":{"line":10,"column":16}},"loc":{"start":{"line":10,"column":26},"end":{"line":17,"column":1}},"line":10}},"branchMap":{},"s":{"0":2,"1":5,"2":5,"3":2,"4":2},"f":{"0":5},"b":{},"_coverageSchema":"1a1c01bbd47fc00a2c39e90264f33305004495a9","hash":"8b1a462fef7494bcd6b36350a223fa1ad27343dc"}
,"/Users/souravpurkait/hub-final/src/app/components/Button/styles.js": {"path":"/Users/souravpurkait/hub-final/src/app/components/Button/styles.js","statementMap":{"0":{"start":{"line":5,"column":23},"end":{"line":15,"column":1}}},"fnMap":{},"branchMap":{},"s":{"0":2},"f":{},"b":{},"_coverageSchema":"1a1c01bbd47fc00a2c39e90264f33305004495a9","hash":"66586b4865821d4a6389cf0d85c17d949d35d39b"}
,"/Users/souravpurkait/hub-final/src/app/components/Counters/BaseCounter/index.js": {"path":"/Users/souravpurkait/hub-final/src/app/components/Counters/BaseCounter/index.js","statementMap":{"0":{"start":{"line":9,"column":20},"end":{"line":20,"column":1}},"1":{"start":{"line":10,"column":26},"end":{"line":10,"column":31}},"2":{"start":{"line":12,"column":2},"end":{"line":19,"column":3}},"3":{"start":{"line":21,"column":0},"end":{"line":24,"column":1}},"4":{"start":{"line":25,"column":0},"end":{"line":25,"column":29}}},"fnMap":{"0":{"name":"(anonymous_0)","decl":{"start":{"line":9,"column":20},"end":{"line":9,"column":21}},"loc":{"start":{"line":9,"column":31},"end":{"line":20,"column":1}},"line":9}},"branchMap":{},"s":{"0":1,"1":2,"2":2,"3":1,"4":1},"f":{"0":2},"b":{},"_coverageSchema":"1a1c01bbd47fc00a2c39e90264f33305004495a9","hash":"6fb0081ddb9d90ed6e2fc5a8738dbeb17757ff1b"}
,"/Users/souravpurkait/hub-final/src/app/components/Counters/BaseCounter/styles.js": {"path":"/Users/souravpurkait/hub-final/src/app/components/Counters/BaseCounter/styles.js","statementMap":{"0":{"start":{"line":6,"column":23},"end":{"line":10,"column":1}},"1":{"start":{"line":11,"column":27},"end":{"line":15,"column":1}},"2":{"start":{"line":16,"column":28},"end":{"line":23,"column":1}},"3":{"start":{"line":24,"column":28},"end":{"line":33,"column":1}}},"fnMap":{},"branchMap":{},"s":{"0":1,"1":1,"2":1,"3":1},"f":{},"b":{},"_coverageSchema":"1a1c01bbd47fc00a2c39e90264f33305004495a9","hash":"318bb581fadb13ee97d51da8796ce961246eb811"}
,"/Users/souravpurkait/hub-final/src/app/configs/commonStyles.js": {"path":"/Users/souravpurkait/hub-final/src/app/configs/commonStyles.js","statementMap":{"0":{"start":{"line":5,"column":20},"end":{"line":7,"column":1}},"1":{"start":{"line":8,"column":26},"end":{"line":12,"column":1}}},"fnMap":{},"branchMap":{},"s":{"0":3,"1":3},"f":{},"b":{},"_coverageSchema":"1a1c01bbd47fc00a2c39e90264f33305004495a9","hash":"764c4e1ad96bb182c6af8731a38ea09b4e44cc87"}
,"/Users/souravpurkait/hub-final/src/app/configs/utils.js": {"path":"/Users/souravpurkait/hub-final/src/app/configs/utils.js","statementMap":{"0":{"start":{"line":29,"column":18},"end":{"line":29,"column":23}},"1":{"start":{"line":30,"column":16},"end":{"line":30,"column":17}},"2":{"start":{"line":31,"column":2},"end":{"line":31,"column":26}},"3":{"start":{"line":31,"column":15},"end":{"line":31,"column":26}},"4":{"start":{"line":32,"column":2},"end":{"line":36,"column":3}},"5":{"start":{"line":33,"column":4},"end":{"line":33,"column":21}},"6":{"start":{"line":34,"column":9},"end":{"line":36,"column":3}},"7":{"start":{"line":35,"column":4},"end":{"line":35,"column":20}},"8":{"start":{"line":37,"column":2},"end":{"line":64,"column":3}},"9":{"start":{"line":38,"column":4},"end":{"line":54,"column":5}},"10":{"start":{"line":39,"column":6},"end":{"line":51,"column":8}},"11":{"start":{"line":40,"column":8},"end":{"line":50,"column":9}},"12":{"start":{"line":48,"column":10},"end":{"line":48,"column":26}},"13":{"start":{"line":49,"column":10},"end":{"line":49,"column":19}},"14":{"start":{"line":53,"column":6},"end":{"line":53,"column":22}},"15":{"start":{"line":55,"column":9},"end":{"line":64,"column":3}},"16":{"start":{"line":63,"column":4},"end":{"line":63,"column":20}},"17":{"start":{"line":65,"column":2},"end":{"line":70,"column":3}},"18":{"start":{"line":66,"column":4},"end":{"line":68,"column":5}},"19":{"start":{"line":67,"column":6},"end":{"line":67,"column":17}},"20":{"start":{"line":69,"column":4},"end":{"line":69,"column":16}},"21":{"start":{"line":71,"column":2},"end":{"line":90,"column":3}},"22":{"start":{"line":72,"column":4},"end":{"line":72,"column":15}},"23":{"start":{"line":73,"column":4},"end":{"line":77,"column":5}},"24":{"start":{"line":74,"column":6},"end":{"line":76,"column":7}},"25":{"start":{"line":75,"column":8},"end":{"line":75,"column":17}},"26":{"start":{"line":78,"column":4},"end":{"line":89,"column":5}},"27":{"start":{"line":79,"column":6},"end":{"line":81,"column":7}},"28":{"start":{"line":80,"column":8},"end":{"line":80,"column":19}},"29":{"start":{"line":82,"column":6},"end":{"line":82,"column":18}},"30":{"start":{"line":84,"column":6},"end":{"line":87,"column":7}},"31":{"start":{"line":86,"column":8},"end":{"line":86,"column":19}},"32":{"start":{"line":88,"column":6},"end":{"line":88,"column":18}},"33":{"start":{"line":91,"column":2},"end":{"line":91,"column":18}},"34":{"start":{"line":96,"column":18},"end":{"line":106,"column":2}},"35":{"start":{"line":103,"column":4},"end":{"line":103,"column":56}},"36":{"start":{"line":104,"column":4},"end":{"line":104,"column":58}},"37":{"start":{"line":113,"column":25},"end":{"line":118,"column":1}},"38":{"start":{"line":114,"column":2},"end":{"line":117,"column":4}}},"fnMap":{"0":{"name":"isNullOrEmpty","decl":{"start":{"line":28,"column":16},"end":{"line":28,"column":29}},"loc":{"start":{"line":28,"column":56},"end":{"line":92,"column":1}},"line":28},"1":{"name":"(anonymous_1)","decl":{"start":{"line":39,"column":21},"end":{"line":39,"column":22}},"loc":{"start":{"line":39,"column":37},"end":{"line":51,"column":7}},"line":39},"2":{"name":"(anonymous_2)","decl":{"start":{"line":102,"column":11},"end":{"line":102,"column":12}},"loc":{"start":{"line":102,"column":22},"end":{"line":105,"column":3}},"line":102},"3":{"name":"(anonymous_3)","decl":{"start":{"line":113,"column":25},"end":{"line":113,"column":26}},"loc":{"start":{"line":113,"column":44},"end":{"line":118,"column":1}},"line":113}},"branchMap":{"0":{"loc":{"start":{"line":28,"column":38},"end":{"line":28,"column":54}},"type":"default-arg","locations":[{"start":{"line":28,"column":50},"end":{"line":28,"column":54}}],"line":28},"1":{"loc":{"start":{"line":31,"column":2},"end":{"line":31,"column":26}},"type":"if","locations":[{"start":{"line":31,"column":2},"end":{"line":31,"column":26}},{"start":{"line":31,"column":2},"end":{"line":31,"column":26}}],"line":31},"2":{"loc":{"start":{"line":32,"column":2},"end":{"line":36,"column":3}},"type":"if","locations":[{"start":{"line":32,"column":2},"end":{"line":36,"column":3}},{"start":{"line":32,"column":2},"end":{"line":36,"column":3}}],"line":32},"3":{"loc":{"start":{"line":34,"column":9},"end":{"line":36,"column":3}},"type":"if","locations":[{"start":{"line":34,"column":9},"end":{"line":36,"column":3}},{"start":{"line":34,"column":9},"end":{"line":36,"column":3}}],"line":34},"4":{"loc":{"start":{"line":37,"column":2},"end":{"line":64,"column":3}},"type":"if","locations":[{"start":{"line":37,"column":2},"end":{"line":64,"column":3}},{"start":{"line":37,"column":2},"end":{"line":64,"column":3}}],"line":37},"5":{"loc":{"start":{"line":38,"column":4},"end":{"line":54,"column":5}},"type":"if","locations":[{"start":{"line":38,"column":4},"end":{"line":54,"column":5}},{"start":{"line":38,"column":4},"end":{"line":54,"column":5}}],"line":38},"6":{"loc":{"start":{"line":40,"column":8},"end":{"line":50,"column":9}},"type":"if","locations":[{"start":{"line":40,"column":8},"end":{"line":50,"column":9}},{"start":{"line":40,"column":8},"end":{"line":50,"column":9}}],"line":40},"7":{"loc":{"start":{"line":41,"column":10},"end":{"line":46,"column":22}},"type":"binary-expr","locations":[{"start":{"line":41,"column":10},"end":{"line":41,"column":29}},{"start":{"line":42,"column":10},"end":{"line":42,"column":24}},{"start":{"line":43,"column":10},"end":{"line":43,"column":21}},{"start":{"line":44,"column":10},"end":{"line":44,"column":25}},{"start":{"line":45,"column":10},"end":{"line":45,"column":28}},{"start":{"line":46,"column":10},"end":{"line":46,"column":22}}],"line":41},"8":{"loc":{"start":{"line":55,"column":9},"end":{"line":64,"column":3}},"type":"if","locations":[{"start":{"line":55,"column":9},"end":{"line":64,"column":3}},{"start":{"line":55,"column":9},"end":{"line":64,"column":3}}],"line":55},"9":{"loc":{"start":{"line":56,"column":4},"end":{"line":61,"column":17}},"type":"binary-expr","locations":[{"start":{"line":56,"column":4},"end":{"line":56,"column":24}},{"start":{"line":57,"column":4},"end":{"line":57,"column":19}},{"start":{"line":58,"column":4},"end":{"line":58,"column":17}},{"start":{"line":59,"column":4},"end":{"line":59,"column":16}},{"start":{"line":60,"column":4},"end":{"line":60,"column":20}},{"start":{"line":61,"column":4},"end":{"line":61,"column":17}}],"line":56},"10":{"loc":{"start":{"line":65,"column":2},"end":{"line":70,"column":3}},"type":"if","locations":[{"start":{"line":65,"column":2},"end":{"line":70,"column":3}},{"start":{"line":65,"column":2},"end":{"line":70,"column":3}}],"line":65},"11":{"loc":{"start":{"line":65,"column":6},"end":{"line":65,"column":50}},"type":"binary-expr","locations":[{"start":{"line":65,"column":6},"end":{"line":65,"column":27}},{"start":{"line":65,"column":31},"end":{"line":65,"column":50}}],"line":65},"12":{"loc":{"start":{"line":66,"column":4},"end":{"line":68,"column":5}},"type":"if","locations":[{"start":{"line":66,"column":4},"end":{"line":68,"column":5}},{"start":{"line":66,"column":4},"end":{"line":68,"column":5}}],"line":66},"13":{"loc":{"start":{"line":71,"column":2},"end":{"line":90,"column":3}},"type":"if","locations":[{"start":{"line":71,"column":2},"end":{"line":90,"column":3}},{"start":{"line":71,"column":2},"end":{"line":90,"column":3}}],"line":71},"14":{"loc":{"start":{"line":74,"column":6},"end":{"line":76,"column":7}},"type":"if","locations":[{"start":{"line":74,"column":6},"end":{"line":76,"column":7}},{"start":{"line":74,"column":6},"end":{"line":76,"column":7}}],"line":74},"15":{"loc":{"start":{"line":74,"column":10},"end":{"line":74,"column":49}},"type":"binary-expr","locations":[{"start":{"line":74,"column":10},"end":{"line":74,"column":21}},{"start":{"line":74,"column":25},"end":{"line":74,"column":49}}],"line":74},"16":{"loc":{"start":{"line":78,"column":4},"end":{"line":89,"column":5}},"type":"if","locations":[{"start":{"line":78,"column":4},"end":{"line":89,"column":5}},{"start":{"line":78,"column":4},"end":{"line":89,"column":5}}],"line":78},"17":{"loc":{"start":{"line":79,"column":6},"end":{"line":81,"column":7}},"type":"if","locations":[{"start":{"line":79,"column":6},"end":{"line":81,"column":7}},{"start":{"line":79,"column":6},"end":{"line":81,"column":7}}],"line":79},"18":{"loc":{"start":{"line":84,"column":6},"end":{"line":87,"column":7}},"type":"if","locations":[{"start":{"line":84,"column":6},"end":{"line":87,"column":7}},{"start":{"line":84,"column":6},"end":{"line":87,"column":7}}],"line":84}},"s":{"0":0,"1":0,"2":0,"3":0,"4":0,"5":0,"6":0,"7":0,"8":0,"9":0,"10":0,"11":0,"12":0,"13":0,"14":0,"15":0,"16":0,"17":0,"18":0,"19":0,"20":0,"21":0,"22":0,"23":0,"24":0,"25":0,"26":0,"27":0,"28":0,"29":0,"30":0,"31":0,"32":0,"33":0,"34":1,"35":0,"36":0,"37":1,"38":0},"f":{"0":0,"1":0,"2":0,"3":0},"b":{"0":[0],"1":[0,0],"2":[0,0],"3":[0,0],"4":[0,0],"5":[0,0],"6":[0,0],"7":[0,0,0,0,0,0],"8":[0,0],"9":[0,0,0,0,0,0],"10":[0,0],"11":[0,0],"12":[0,0],"13":[0,0],"14":[0,0],"15":[0,0],"16":[0,0],"17":[0,0],"18":[0,0]},"_coverageSchema":"1a1c01bbd47fc00a2c39e90264f33305004495a9","hash":"874ddfc2fb1c93f9b382073ca20d32b6e60e1481"}
,"/Users/souravpurkait/hub-final/src/app/contexts/FieldsContext.js": {"path":"/Users/souravpurkait/hub-final/src/app/contexts/FieldsContext.js","statementMap":{"0":{"start":{"line":5,"column":22},"end":{"line":9,"column":2}}},"fnMap":{},"branchMap":{},"s":{"0":1},"f":{},"b":{},"_coverageSchema":"1a1c01bbd47fc00a2c39e90264f33305004495a9","hash":"712c05c3196f9ba93563421fd09e43308b518575"}
,"/Users/souravpurkait/hub-final/src/app/store/selectors/posts.js": {"path":"/Users/souravpurkait/hub-final/src/app/store/selectors/posts.js","statementMap":{"0":{"start":{"line":1,"column":22},"end":{"line":1,"column":44}},"1":{"start":{"line":1,"column":33},"end":{"line":1,"column":44}},"2":{"start":{"line":2,"column":27},"end":{"line":2,"column":68}},"3":{"start":{"line":2,"column":38},"end":{"line":2,"column":68}}},"fnMap":{"0":{"name":"(anonymous_0)","decl":{"start":{"line":1,"column":22},"end":{"line":1,"column":23}},"loc":{"start":{"line":1,"column":33},"end":{"line":1,"column":44}},"line":1},"1":{"name":"(anonymous_1)","decl":{"start":{"line":2,"column":27},"end":{"line":2,"column":28}},"loc":{"start":{"line":2,"column":38},"end":{"line":2,"column":68}},"line":2}},"branchMap":{},"s":{"0":1,"1":0,"2":1,"3":0},"f":{"0":0,"1":0},"b":{},"_coverageSchema":"1a1c01bbd47fc00a2c39e90264f33305004495a9","hash":"07c4ddad3ce4f01e6b4b71daf9507ad946bce7bd"}
,"/Users/souravpurkait/hub-final/src/app/themes/colorPalette.js": {"path":"/Users/souravpurkait/hub-final/src/app/themes/colorPalette.js","statementMap":{"0":{"start":{"line":1,"column":22},"end":{"line":4,"column":1}}},"fnMap":{},"branchMap":{},"s":{"0":4},"f":{},"b":{},"_coverageSchema":"1a1c01bbd47fc00a2c39e90264f33305004495a9","hash":"a7ce58cc1a85219af5f2bfefbbd1e6fc308b44e0"}
,"/Users/souravpurkait/hub-final/src/app/themes/fontPalette.js": {"path":"/Users/souravpurkait/hub-final/src/app/themes/fontPalette.js","statementMap":{"0":{"start":{"line":1,"column":21},"end":{"line":5,"column":1}}},"fnMap":{},"branchMap":{},"s":{"0":4},"f":{},"b":{},"_coverageSchema":"1a1c01bbd47fc00a2c39e90264f33305004495a9","hash":"6e18aa2928ceecbf9a3aa569c0d1e1a21e460a89"}
}
