TN:
SF:src/app/components/BaseFields/index.js
FN:18,(anonymous_0)
FN:23,(anonymous_1)
FN:25,(anonymous_2)
FN:31,(anonymous_3)
FN:40,(anonymous_4)
FN:42,(anonymous_5)
FN:50,(anonymous_6)
FNF:7
FNH:2
FNDA:2,(anonymous_0)
FNDA:1,(anonymous_1)
FNDA:0,(anonymous_2)
FNDA:0,(anonymous_3)
FNDA:0,(anonymous_4)
FNDA:0,(anonymous_5)
FNDA:0,(anonymous_6)
DA:18,1
DA:19,2
DA:20,2
DA:21,2
DA:23,2
DA:24,1
DA:25,1
DA:26,0
DA:28,1
DA:31,2
DA:32,0
DA:33,0
DA:34,0
DA:36,0
DA:37,0
DA:40,2
DA:41,0
DA:42,0
DA:48,2
DA:51,0
DA:67,1
DA:70,1
LF:22
LH:13
BRDA:32,0,0,0
BRDA:32,0,1,0
BRF:2
BRH:0
end_of_record
TN:
SF:src/app/components/BaseFields/styles.js
FNF:0
FNH:0
DA:5,1
DA:9,1
DA:15,1
DA:24,1
DA:33,1
LF:5
LH:5
BRF:0
BRH:0
end_of_record
TN:
SF:src/app/components/BaseItem/index.js
FN:11,(anonymous_0)
FN:19,(anonymous_1)
FNF:2
FNH:2
FNDA:6,(anonymous_0)
FNDA:12,(anonymous_1)
DA:11,2
DA:14,6
DA:16,6
DA:20,12
DA:27,2
DA:30,2
LF:6
LH:6
BRF:0
BRH:0
end_of_record
TN:
SF:src/app/components/BaseItem/styles.js
FNF:0
FNH:0
DA:6,2
DA:16,2
DA:23,2
LF:3
LH:3
BRF:0
BRH:0
end_of_record
TN:
SF:src/app/components/BaseList/index.js
FN:14,(anonymous_0)
FN:19,(anonymous_1)
FNF:2
FNH:2
FNDA:2,(anonymous_0)
FNDA:4,(anonymous_1)
DA:14,1
DA:15,2
DA:17,2
DA:20,4
DA:26,1
LF:5
LH:5
BRF:0
BRH:0
end_of_record
TN:
SF:src/app/components/BaseList/styles.js
FNF:0
FNH:0
DA:2,1
LF:1
LH:1
BRF:0
BRH:0
end_of_record
TN:
SF:src/app/components/Button/index.js
FN:10,(anonymous_0)
FNF:1
FNH:1
FNDA:5,(anonymous_0)
DA:10,2
DA:11,5
DA:12,5
DA:18,2
DA:22,2
LF:5
LH:5
BRF:0
BRH:0
end_of_record
TN:
SF:src/app/components/Button/styles.js
FNF:0
FNH:0
DA:5,2
LF:1
LH:1
BRF:0
BRH:0
end_of_record
TN:
SF:src/app/components/Counters/BaseCounter/index.js
FN:9,(anonymous_0)
FNF:1
FNH:1
FNDA:2,(anonymous_0)
DA:9,1
DA:10,2
DA:12,2
DA:21,1
DA:25,1
LF:5
LH:5
BRF:0
BRH:0
end_of_record
TN:
SF:src/app/components/Counters/BaseCounter/styles.js
FNF:0
FNH:0
DA:6,1
DA:11,1
DA:16,1
DA:24,1
LF:4
LH:4
BRF:0
BRH:0
end_of_record
TN:
SF:src/app/configs/commonStyles.js
FNF:0
FNH:0
DA:5,3
DA:8,3
LF:2
LH:2
BRF:0
BRH:0
end_of_record
TN:
SF:src/app/configs/utils.js
FN:28,isNullOrEmpty
FN:39,(anonymous_1)
FN:102,(anonymous_2)
FN:113,(anonymous_3)
FNF:4
FNH:0
FNDA:0,isNullOrEmpty
FNDA:0,(anonymous_1)
FNDA:0,(anonymous_2)
FNDA:0,(anonymous_3)
DA:29,0
DA:30,0
DA:31,0
DA:32,0
DA:33,0
DA:34,0
DA:35,0
DA:37,0
DA:38,0
DA:39,0
DA:40,0
DA:48,0
DA:49,0
DA:53,0
DA:55,0
DA:63,0
DA:65,0
DA:66,0
DA:67,0
DA:69,0
DA:71,0
DA:72,0
DA:73,0
DA:74,0
DA:75,0
DA:78,0
DA:79,0
DA:80,0
DA:82,0
DA:84,0
DA:86,0
DA:88,0
DA:91,0
DA:96,1
DA:103,0
DA:104,0
DA:113,1
DA:114,0
LF:38
LH:2
BRDA:28,0,0,0
BRDA:31,1,0,0
BRDA:31,1,1,0
BRDA:32,2,0,0
BRDA:32,2,1,0
BRDA:34,3,0,0
BRDA:34,3,1,0
BRDA:37,4,0,0
BRDA:37,4,1,0
BRDA:38,5,0,0
BRDA:38,5,1,0
BRDA:40,6,0,0
BRDA:40,6,1,0
BRDA:41,7,0,0
BRDA:41,7,1,0
BRDA:41,7,2,0
BRDA:41,7,3,0
BRDA:41,7,4,0
BRDA:41,7,5,0
BRDA:55,8,0,0
BRDA:55,8,1,0
BRDA:56,9,0,0
BRDA:56,9,1,0
BRDA:56,9,2,0
BRDA:56,9,3,0
BRDA:56,9,4,0
BRDA:56,9,5,0
BRDA:65,10,0,0
BRDA:65,10,1,0
BRDA:65,11,0,0
BRDA:65,11,1,0
BRDA:66,12,0,0
BRDA:66,12,1,0
BRDA:71,13,0,0
BRDA:71,13,1,0
BRDA:74,14,0,0
BRDA:74,14,1,0
BRDA:74,15,0,0
BRDA:74,15,1,0
BRDA:78,16,0,0
BRDA:78,16,1,0
BRDA:79,17,0,0
BRDA:79,17,1,0
BRDA:84,18,0,0
BRDA:84,18,1,0
BRF:45
BRH:0
end_of_record
TN:
SF:src/app/contexts/FieldsContext.js
FNF:0
FNH:0
DA:5,1
LF:1
LH:1
BRF:0
BRH:0
end_of_record
TN:
SF:src/app/store/selectors/posts.js
FN:1,(anonymous_0)
FN:2,(anonymous_1)
FNF:2
FNH:0
FNDA:0,(anonymous_0)
FNDA:0,(anonymous_1)
DA:1,1
DA:2,1
LF:2
LH:2
BRF:0
BRH:0
end_of_record
TN:
SF:src/app/themes/colorPalette.js
FNF:0
FNH:0
DA:1,4
LF:1
LH:1
BRF:0
BRH:0
end_of_record
TN:
SF:src/app/themes/fontPalette.js
FNF:0
FNH:0
DA:1,4
LF:1
LH:1
BRF:0
BRH:0
end_of_record
